<?xml version="1.0" encoding="UTF-8"?>
<!-- Generated by org.testng.reporters.JUnitReportReporter -->
<testsuite hostname="KingshukNandy" name="com.spi.test.DriverOther" tests="4" failures="0" timestamp="22 Apr 2016 16:37:39 GMT" time="0.000" errors="0">
  <testcase name="testMethod" time="0.000" classname="com.spi.test.DriverOther"/>
  <testcase name="testMethod" time="0.000" classname="com.spi.test.DriverOther"/>
  <testcase name="testMethod" time="0.000" classname="com.spi.test.DriverOther"/>
  <testcase name="testMethod" time="0.000" classname="com.spi.test.DriverOther"/>
</testsuite> <!-- com.spi.test.DriverOther -->
