<?xml version="1.0" encoding="UTF-8"?>
<!-- Generated by org.testng.reporters.JUnitReportReporter -->
<testsuite hostname="Siddharth-PC" name="amazon.vendor.central.downloadingfile" tests="1" failures="0" timestamp="19 Sep 2015 13:22:19 GMT" time="112.545" errors="0">
  <testcase name="StartBrowser" time="112.545" classname="amazon.vendor.central.downloadingfile"/>
</testsuite> <!-- amazon.vendor.central.downloadingfile -->
