<?xml version="1.0" encoding="UTF-8"?>
<!-- Generated by org.testng.reporters.JUnitReportReporter -->
<testsuite hostname="Siddharth-PC" name="com.booking.Authentication" tests="1" failures="0" timestamp="10 Jul 2015 03:47:09 GMT" time="21.409" errors="0">
  <testcase name="CredentialValidation" time="21.409" classname="com.booking.Authentication"/>
</testsuite> <!-- com.booking.Authentication -->
